[1.626s] Invoking command in '/home/nyck33/ros2_ws/src/my_py_pkg': PYTHONPATH=/home/nyck33/ros2_ws/build/my_py_pkg/prefix_override:/home/nyck33/ros2_ws/install/my_py_pkg/lib/python3.10/site-packages:${PYTHONPATH} /usr/bin/python3 setup.py egg_info --egg-base ../../build/my_py_pkg build --build-base /home/nyck33/ros2_ws/build/my_py_pkg/build install --record /home/nyck33/ros2_ws/build/my_py_pkg/install.log --single-version-externally-managed
[2.177s] running egg_info
[2.179s] writing ../../build/my_py_pkg/my_py_pkg.egg-info/PKG-INFO
[2.180s] writing dependency_links to ../../build/my_py_pkg/my_py_pkg.egg-info/dependency_links.txt
[2.182s] writing entry points to ../../build/my_py_pkg/my_py_pkg.egg-info/entry_points.txt
[2.198s] writing requirements to ../../build/my_py_pkg/my_py_pkg.egg-info/requires.txt
[2.202s] writing top-level names to ../../build/my_py_pkg/my_py_pkg.egg-info/top_level.txt
[2.213s] reading manifest file '../../build/my_py_pkg/my_py_pkg.egg-info/SOURCES.txt'
[2.215s] writing manifest file '../../build/my_py_pkg/my_py_pkg.egg-info/SOURCES.txt'
[2.218s] running build
[2.225s] running build_py
[2.228s] running install
[2.239s] running install_lib
[2.239s] running install_data
[2.239s] running install_egg_info
[2.240s] removing '/home/nyck33/ros2_ws/install/my_py_pkg/lib/python3.10/site-packages/my_py_pkg-0.0.0-py3.10.egg-info' (and everything under it)
[2.240s] Copying ../../build/my_py_pkg/my_py_pkg.egg-info to /home/nyck33/ros2_ws/install/my_py_pkg/lib/python3.10/site-packages/my_py_pkg-0.0.0-py3.10.egg-info
[2.240s] running install_scripts
[2.301s] Installing py_node script to /home/nyck33/ros2_ws/install/my_py_pkg/lib/my_py_pkg
[2.304s] writing list of installed files to '/home/nyck33/ros2_ws/build/my_py_pkg/install.log'
[2.379s] Invoked command in '/home/nyck33/ros2_ws/src/my_py_pkg' returned '0': PYTHONPATH=/home/nyck33/ros2_ws/build/my_py_pkg/prefix_override:/home/nyck33/ros2_ws/install/my_py_pkg/lib/python3.10/site-packages:${PYTHONPATH} /usr/bin/python3 setup.py egg_info --egg-base ../../build/my_py_pkg build --build-base /home/nyck33/ros2_ws/build/my_py_pkg/build install --record /home/nyck33/ros2_ws/build/my_py_pkg/install.log --single-version-externally-managed
