[0.010s] Invoking command in '/home/nyck33/ros2_ws/build/my_cpp_pkg': CMAKE_PREFIX_PATH=${CMAKE_PREFIX_PATH}:/home/nyck33/ros2_ws/install/my_py_pkg:/opt/ros/humble /usr/bin/cmake --build /home/nyck33/ros2_ws/build/my_cpp_pkg -- -j1 -l1
[0.084s] [35m[1mConsolidate compiler generated dependencies of target cpp_node[0m
[0.122s] [100%] Built target cpp_node
[0.153s] Invoked command in '/home/nyck33/ros2_ws/build/my_cpp_pkg' returned '0': CMAKE_PREFIX_PATH=${CMAKE_PREFIX_PATH}:/home/nyck33/ros2_ws/install/my_py_pkg:/opt/ros/humble /usr/bin/cmake --build /home/nyck33/ros2_ws/build/my_cpp_pkg -- -j1 -l1
[0.215s] Invoking command in '/home/nyck33/ros2_ws/build/my_cpp_pkg': CMAKE_PREFIX_PATH=${CMAKE_PREFIX_PATH}:/home/nyck33/ros2_ws/install/my_py_pkg:/opt/ros/humble /usr/bin/cmake --install /home/nyck33/ros2_ws/build/my_cpp_pkg
[0.225s] -- Install configuration: ""
[0.226s] -- Up-to-date: /home/nyck33/ros2_ws/install/my_cpp_pkg/lib/my_cpp_pkg/cpp_node
[0.234s] -- Up-to-date: /home/nyck33/ros2_ws/install/my_cpp_pkg/share/ament_index/resource_index/package_run_dependencies/my_cpp_pkg
[0.234s] -- Up-to-date: /home/nyck33/ros2_ws/install/my_cpp_pkg/share/ament_index/resource_index/parent_prefix_path/my_cpp_pkg
[0.235s] -- Up-to-date: /home/nyck33/ros2_ws/install/my_cpp_pkg/share/my_cpp_pkg/environment/ament_prefix_path.sh
[0.235s] -- Up-to-date: /home/nyck33/ros2_ws/install/my_cpp_pkg/share/my_cpp_pkg/environment/ament_prefix_path.dsv
[0.236s] -- Up-to-date: /home/nyck33/ros2_ws/install/my_cpp_pkg/share/my_cpp_pkg/environment/path.sh
[0.236s] -- Up-to-date: /home/nyck33/ros2_ws/install/my_cpp_pkg/share/my_cpp_pkg/environment/path.dsv
[0.236s] -- Up-to-date: /home/nyck33/ros2_ws/install/my_cpp_pkg/share/my_cpp_pkg/local_setup.bash
[0.237s] -- Up-to-date: /home/nyck33/ros2_ws/install/my_cpp_pkg/share/my_cpp_pkg/local_setup.sh
[0.237s] -- Up-to-date: /home/nyck33/ros2_ws/install/my_cpp_pkg/share/my_cpp_pkg/local_setup.zsh
[0.238s] -- Up-to-date: /home/nyck33/ros2_ws/install/my_cpp_pkg/share/my_cpp_pkg/local_setup.dsv
[0.238s] -- Installing: /home/nyck33/ros2_ws/install/my_cpp_pkg/share/my_cpp_pkg/package.dsv
[0.239s] -- Up-to-date: /home/nyck33/ros2_ws/install/my_cpp_pkg/share/ament_index/resource_index/packages/my_cpp_pkg
[0.239s] -- Up-to-date: /home/nyck33/ros2_ws/install/my_cpp_pkg/share/my_cpp_pkg/cmake/my_cpp_pkgConfig.cmake
[0.240s] -- Up-to-date: /home/nyck33/ros2_ws/install/my_cpp_pkg/share/my_cpp_pkg/cmake/my_cpp_pkgConfig-version.cmake
[0.240s] -- Up-to-date: /home/nyck33/ros2_ws/install/my_cpp_pkg/share/my_cpp_pkg/package.xml
[0.245s] Invoked command in '/home/nyck33/ros2_ws/build/my_cpp_pkg' returned '0': CMAKE_PREFIX_PATH=${CMAKE_PREFIX_PATH}:/home/nyck33/ros2_ws/install/my_py_pkg:/opt/ros/humble /usr/bin/cmake --install /home/nyck33/ros2_ws/build/my_cpp_pkg
