[0.019s] Invoking command in '/home/nyck33/ros2_ws/build/my_cpp_pkg': CMAKE_PREFIX_PATH=${CMAKE_PREFIX_PATH}:/home/nyck33/ros2_ws/install/my_py_pkg:/opt/ros/humble /usr/bin/cmake --build /home/nyck33/ros2_ws/build/my_cpp_pkg -- -j1 -l1
[0.092s] [35m[1mConsolidate compiler generated dependencies of target cpp_node[0m
[0.136s] [ 50%] [32mBuilding CXX object CMakeFiles/cpp_node.dir/src/my_first_node.cpp.o[0m
[5.330s] [100%] [32m[1mLinking CXX executable cpp_node[0m
[5.525s] [100%] Built target cpp_node
[5.557s] Invoked command in '/home/nyck33/ros2_ws/build/my_cpp_pkg' returned '0': CMAKE_PREFIX_PATH=${CMAKE_PREFIX_PATH}:/home/nyck33/ros2_ws/install/my_py_pkg:/opt/ros/humble /usr/bin/cmake --build /home/nyck33/ros2_ws/build/my_cpp_pkg -- -j1 -l1
[5.632s] Invoking command in '/home/nyck33/ros2_ws/build/my_cpp_pkg': CMAKE_PREFIX_PATH=${CMAKE_PREFIX_PATH}:/home/nyck33/ros2_ws/install/my_py_pkg:/opt/ros/humble /usr/bin/cmake --install /home/nyck33/ros2_ws/build/my_cpp_pkg
[5.650s] -- Install configuration: ""
[5.651s] -- Installing: /home/nyck33/ros2_ws/install/my_cpp_pkg/lib/my_cpp_pkg/cpp_node
[5.654s] -- Set runtime path of "/home/nyck33/ros2_ws/install/my_cpp_pkg/lib/my_cpp_pkg/cpp_node" to ""
[5.655s] -- Up-to-date: /home/nyck33/ros2_ws/install/my_cpp_pkg/share/ament_index/resource_index/package_run_dependencies/my_cpp_pkg
[5.655s] -- Up-to-date: /home/nyck33/ros2_ws/install/my_cpp_pkg/share/ament_index/resource_index/parent_prefix_path/my_cpp_pkg
[5.656s] -- Up-to-date: /home/nyck33/ros2_ws/install/my_cpp_pkg/share/my_cpp_pkg/environment/ament_prefix_path.sh
[5.656s] -- Up-to-date: /home/nyck33/ros2_ws/install/my_cpp_pkg/share/my_cpp_pkg/environment/ament_prefix_path.dsv
[5.656s] -- Up-to-date: /home/nyck33/ros2_ws/install/my_cpp_pkg/share/my_cpp_pkg/environment/path.sh
[5.657s] -- Up-to-date: /home/nyck33/ros2_ws/install/my_cpp_pkg/share/my_cpp_pkg/environment/path.dsv
[5.657s] -- Up-to-date: /home/nyck33/ros2_ws/install/my_cpp_pkg/share/my_cpp_pkg/local_setup.bash
[5.657s] -- Up-to-date: /home/nyck33/ros2_ws/install/my_cpp_pkg/share/my_cpp_pkg/local_setup.sh
[5.658s] -- Up-to-date: /home/nyck33/ros2_ws/install/my_cpp_pkg/share/my_cpp_pkg/local_setup.zsh
[5.658s] -- Up-to-date: /home/nyck33/ros2_ws/install/my_cpp_pkg/share/my_cpp_pkg/local_setup.dsv
[5.658s] -- Installing: /home/nyck33/ros2_ws/install/my_cpp_pkg/share/my_cpp_pkg/package.dsv
[5.659s] -- Up-to-date: /home/nyck33/ros2_ws/install/my_cpp_pkg/share/ament_index/resource_index/packages/my_cpp_pkg
[5.659s] -- Up-to-date: /home/nyck33/ros2_ws/install/my_cpp_pkg/share/my_cpp_pkg/cmake/my_cpp_pkgConfig.cmake
[5.661s] -- Up-to-date: /home/nyck33/ros2_ws/install/my_cpp_pkg/share/my_cpp_pkg/cmake/my_cpp_pkgConfig-version.cmake
[5.662s] -- Up-to-date: /home/nyck33/ros2_ws/install/my_cpp_pkg/share/my_cpp_pkg/package.xml
[5.671s] Invoked command in '/home/nyck33/ros2_ws/build/my_cpp_pkg' returned '0': CMAKE_PREFIX_PATH=${CMAKE_PREFIX_PATH}:/home/nyck33/ros2_ws/install/my_py_pkg:/opt/ros/humble /usr/bin/cmake --install /home/nyck33/ros2_ws/build/my_cpp_pkg
