[0.991s] Invoking command in '/home/nyck33/ros2_ws/src/my_py_pkg': PYTHONPATH=/home/nyck33/ros2_ws/build/my_py_pkg/prefix_override:/home/nyck33/ros2_ws/install/my_py_pkg/lib/python3.10/site-packages:${PYTHONPATH} /usr/bin/python3 setup.py egg_info --egg-base ../../build/my_py_pkg build --build-base /home/nyck33/ros2_ws/build/my_py_pkg/build install --record /home/nyck33/ros2_ws/build/my_py_pkg/install.log --single-version-externally-managed
[1.406s] running egg_info
[1.407s] writing ../../build/my_py_pkg/my_py_pkg.egg-info/PKG-INFO
[1.413s] writing dependency_links to ../../build/my_py_pkg/my_py_pkg.egg-info/dependency_links.txt
[1.415s] writing entry points to ../../build/my_py_pkg/my_py_pkg.egg-info/entry_points.txt
[1.416s] writing requirements to ../../build/my_py_pkg/my_py_pkg.egg-info/requires.txt
[1.417s] writing top-level names to ../../build/my_py_pkg/my_py_pkg.egg-info/top_level.txt
[1.420s] reading manifest file '../../build/my_py_pkg/my_py_pkg.egg-info/SOURCES.txt'
[1.421s] writing manifest file '../../build/my_py_pkg/my_py_pkg.egg-info/SOURCES.txt'
[1.422s] running build
[1.422s] running build_py
[1.423s] copying my_py_pkg/my_first_node.py -> /home/nyck33/ros2_ws/build/my_py_pkg/build/lib/my_py_pkg
[1.423s] running install
[1.424s] running install_lib
[1.425s] copying /home/nyck33/ros2_ws/build/my_py_pkg/build/lib/my_py_pkg/my_first_node.py -> /home/nyck33/ros2_ws/install/my_py_pkg/lib/python3.10/site-packages/my_py_pkg
[1.426s] byte-compiling /home/nyck33/ros2_ws/install/my_py_pkg/lib/python3.10/site-packages/my_py_pkg/my_first_node.py to my_first_node.cpython-310.pyc
[1.428s] running install_data
[1.429s] running install_egg_info
[1.431s] removing '/home/nyck33/ros2_ws/install/my_py_pkg/lib/python3.10/site-packages/my_py_pkg-0.0.0-py3.10.egg-info' (and everything under it)
[1.438s] Copying ../../build/my_py_pkg/my_py_pkg.egg-info to /home/nyck33/ros2_ws/install/my_py_pkg/lib/python3.10/site-packages/my_py_pkg-0.0.0-py3.10.egg-info
[1.442s] running install_scripts
[1.457s] Installing py_node script to /home/nyck33/ros2_ws/install/my_py_pkg/lib/my_py_pkg
[1.459s] writing list of installed files to '/home/nyck33/ros2_ws/build/my_py_pkg/install.log'
[1.504s] Invoked command in '/home/nyck33/ros2_ws/src/my_py_pkg' returned '0': PYTHONPATH=/home/nyck33/ros2_ws/build/my_py_pkg/prefix_override:/home/nyck33/ros2_ws/install/my_py_pkg/lib/python3.10/site-packages:${PYTHONPATH} /usr/bin/python3 setup.py egg_info --egg-base ../../build/my_py_pkg build --build-base /home/nyck33/ros2_ws/build/my_py_pkg/build install --record /home/nyck33/ros2_ws/build/my_py_pkg/install.log --single-version-externally-managed
