[0.005s] Invoking command in '/home/nyck33/ros2_ws/build/my_cpp_pkg': CMAKE_PREFIX_PATH=/home/nyck33/ros2_ws/install/my_py_pkg:/opt/ros/humble /usr/bin/cmake --build /home/nyck33/ros2_ws/build/my_cpp_pkg -- -j1 -l1
[0.074s] Invoked command in '/home/nyck33/ros2_ws/build/my_cpp_pkg' returned '0': CMAKE_PREFIX_PATH=/home/nyck33/ros2_ws/install/my_py_pkg:/opt/ros/humble /usr/bin/cmake --build /home/nyck33/ros2_ws/build/my_cpp_pkg -- -j1 -l1
[0.125s] Invoking command in '/home/nyck33/ros2_ws/build/my_cpp_pkg': CMAKE_PREFIX_PATH=/home/nyck33/ros2_ws/install/my_py_pkg:/opt/ros/humble /usr/bin/cmake --install /home/nyck33/ros2_ws/build/my_cpp_pkg
[0.152s] -- Install configuration: ""
[0.153s] -- Up-to-date: /home/nyck33/ros2_ws/install/my_cpp_pkg/share/ament_index/resource_index/package_run_dependencies/my_cpp_pkg
[0.153s] -- Up-to-date: /home/nyck33/ros2_ws/install/my_cpp_pkg/share/ament_index/resource_index/parent_prefix_path/my_cpp_pkg
[0.153s] -- Up-to-date: /home/nyck33/ros2_ws/install/my_cpp_pkg/share/my_cpp_pkg/environment/ament_prefix_path.sh
[0.153s] -- Up-to-date: /home/nyck33/ros2_ws/install/my_cpp_pkg/share/my_cpp_pkg/environment/ament_prefix_path.dsv
[0.153s] -- Up-to-date: /home/nyck33/ros2_ws/install/my_cpp_pkg/share/my_cpp_pkg/environment/path.sh
[0.153s] -- Up-to-date: /home/nyck33/ros2_ws/install/my_cpp_pkg/share/my_cpp_pkg/environment/path.dsv
[0.154s] -- Up-to-date: /home/nyck33/ros2_ws/install/my_cpp_pkg/share/my_cpp_pkg/local_setup.bash
[0.154s] -- Up-to-date: /home/nyck33/ros2_ws/install/my_cpp_pkg/share/my_cpp_pkg/local_setup.sh
[0.160s] -- Up-to-date: /home/nyck33/ros2_ws/install/my_cpp_pkg/share/my_cpp_pkg/local_setup.zsh
[0.160s] -- Up-to-date: /home/nyck33/ros2_ws/install/my_cpp_pkg/share/my_cpp_pkg/local_setup.dsv
[0.161s] -- Up-to-date: /home/nyck33/ros2_ws/install/my_cpp_pkg/share/my_cpp_pkg/package.dsv
[0.161s] -- Up-to-date: /home/nyck33/ros2_ws/install/my_cpp_pkg/share/ament_index/resource_index/packages/my_cpp_pkg
[0.161s] -- Up-to-date: /home/nyck33/ros2_ws/install/my_cpp_pkg/share/my_cpp_pkg/cmake/my_cpp_pkgConfig.cmake
[0.161s] -- Up-to-date: /home/nyck33/ros2_ws/install/my_cpp_pkg/share/my_cpp_pkg/cmake/my_cpp_pkgConfig-version.cmake
[0.161s] -- Up-to-date: /home/nyck33/ros2_ws/install/my_cpp_pkg/share/my_cpp_pkg/package.xml
[0.178s] Invoked command in '/home/nyck33/ros2_ws/build/my_cpp_pkg' returned '0': CMAKE_PREFIX_PATH=/home/nyck33/ros2_ws/install/my_py_pkg:/opt/ros/humble /usr/bin/cmake --install /home/nyck33/ros2_ws/build/my_cpp_pkg
