[0.033s] Invoking command in '/home/nyck33/ros2_ws/build/my_cpp_pkg': CMAKE_PREFIX_PATH=${CMAKE_PREFIX_PATH}:/home/nyck33/ros2_ws/install/my_py_pkg:/opt/ros/humble /usr/bin/cmake --build /home/nyck33/ros2_ws/build/my_cpp_pkg -- -j1 -l1
[0.310s] [ 50%] Built target cpp_node
[0.333s] [35m[1mConsolidate compiler generated dependencies of target robot_news_station[0m
[0.385s] [ 75%] [32mBuilding CXX object CMakeFiles/robot_news_station.dir/src/robot_news_station.cpp.o[0m
[7.578s] [100%] [32m[1mLinking CXX executable robot_news_station[0m
[7.872s] [100%] Built target robot_news_station
[7.887s] Invoked command in '/home/nyck33/ros2_ws/build/my_cpp_pkg' returned '0': CMAKE_PREFIX_PATH=${CMAKE_PREFIX_PATH}:/home/nyck33/ros2_ws/install/my_py_pkg:/opt/ros/humble /usr/bin/cmake --build /home/nyck33/ros2_ws/build/my_cpp_pkg -- -j1 -l1
[7.935s] Invoking command in '/home/nyck33/ros2_ws/build/my_cpp_pkg': CMAKE_PREFIX_PATH=${CMAKE_PREFIX_PATH}:/home/nyck33/ros2_ws/install/my_py_pkg:/opt/ros/humble /usr/bin/cmake --install /home/nyck33/ros2_ws/build/my_cpp_pkg
[7.942s] -- Install configuration: ""
[7.945s] -- Up-to-date: /home/nyck33/ros2_ws/install/my_cpp_pkg/lib/my_cpp_pkg/cpp_node
[7.946s] -- Installing: /home/nyck33/ros2_ws/install/my_cpp_pkg/lib/my_cpp_pkg/robot_news_station
[7.950s] -- Set runtime path of "/home/nyck33/ros2_ws/install/my_cpp_pkg/lib/my_cpp_pkg/robot_news_station" to ""
[7.950s] -- Installing: /home/nyck33/ros2_ws/install/my_cpp_pkg/share/ament_index/resource_index/package_run_dependencies/my_cpp_pkg
[7.952s] -- Up-to-date: /home/nyck33/ros2_ws/install/my_cpp_pkg/share/ament_index/resource_index/parent_prefix_path/my_cpp_pkg
[7.953s] -- Up-to-date: /home/nyck33/ros2_ws/install/my_cpp_pkg/share/my_cpp_pkg/environment/ament_prefix_path.sh
[7.953s] -- Installing: /home/nyck33/ros2_ws/install/my_cpp_pkg/share/my_cpp_pkg/environment/ament_prefix_path.dsv
[7.954s] -- Up-to-date: /home/nyck33/ros2_ws/install/my_cpp_pkg/share/my_cpp_pkg/environment/path.sh
[7.954s] -- Installing: /home/nyck33/ros2_ws/install/my_cpp_pkg/share/my_cpp_pkg/environment/path.dsv
[7.955s] -- Up-to-date: /home/nyck33/ros2_ws/install/my_cpp_pkg/share/my_cpp_pkg/local_setup.bash
[7.955s] -- Up-to-date: /home/nyck33/ros2_ws/install/my_cpp_pkg/share/my_cpp_pkg/local_setup.sh
[7.956s] -- Up-to-date: /home/nyck33/ros2_ws/install/my_cpp_pkg/share/my_cpp_pkg/local_setup.zsh
[7.956s] -- Installing: /home/nyck33/ros2_ws/install/my_cpp_pkg/share/my_cpp_pkg/local_setup.dsv
[7.957s] -- Installing: /home/nyck33/ros2_ws/install/my_cpp_pkg/share/my_cpp_pkg/package.dsv
[7.957s] -- Up-to-date: /home/nyck33/ros2_ws/install/my_cpp_pkg/share/ament_index/resource_index/packages/my_cpp_pkg
[7.958s] -- Up-to-date: /home/nyck33/ros2_ws/install/my_cpp_pkg/share/my_cpp_pkg/cmake/my_cpp_pkgConfig.cmake
[7.958s] -- Up-to-date: /home/nyck33/ros2_ws/install/my_cpp_pkg/share/my_cpp_pkg/cmake/my_cpp_pkgConfig-version.cmake
[7.958s] -- Installing: /home/nyck33/ros2_ws/install/my_cpp_pkg/share/my_cpp_pkg/package.xml
[7.961s] Invoked command in '/home/nyck33/ros2_ws/build/my_cpp_pkg' returned '0': CMAKE_PREFIX_PATH=${CMAKE_PREFIX_PATH}:/home/nyck33/ros2_ws/install/my_py_pkg:/opt/ros/humble /usr/bin/cmake --install /home/nyck33/ros2_ws/build/my_cpp_pkg
