[0.716s] Invoking command in '/home/nyck33/ros2_ws/src/my_py_pkg': PYTHONPATH=/home/nyck33/ros2_ws/build/my_py_pkg/prefix_override:/home/nyck33/ros2_ws/install/my_py_pkg/lib/python3.10/site-packages:${PYTHONPATH} /usr/bin/python3 setup.py egg_info --egg-base ../../build/my_py_pkg build --build-base /home/nyck33/ros2_ws/build/my_py_pkg/build install --record /home/nyck33/ros2_ws/build/my_py_pkg/install.log --single-version-externally-managed
[0.949s] running egg_info
[0.950s] creating ../../build/my_py_pkg/my_py_pkg.egg-info
[0.951s] writing ../../build/my_py_pkg/my_py_pkg.egg-info/PKG-INFO
[0.952s] writing dependency_links to ../../build/my_py_pkg/my_py_pkg.egg-info/dependency_links.txt
[0.952s] writing entry points to ../../build/my_py_pkg/my_py_pkg.egg-info/entry_points.txt
[0.952s] writing requirements to ../../build/my_py_pkg/my_py_pkg.egg-info/requires.txt
[0.952s] writing top-level names to ../../build/my_py_pkg/my_py_pkg.egg-info/top_level.txt
[0.953s] writing manifest file '../../build/my_py_pkg/my_py_pkg.egg-info/SOURCES.txt'
[0.954s] reading manifest file '../../build/my_py_pkg/my_py_pkg.egg-info/SOURCES.txt'
[0.954s] writing manifest file '../../build/my_py_pkg/my_py_pkg.egg-info/SOURCES.txt'
[0.965s] running build
[0.965s] running build_py
[0.965s] creating /home/nyck33/ros2_ws/build/my_py_pkg/build
[0.965s] creating /home/nyck33/ros2_ws/build/my_py_pkg/build/lib
[0.965s] creating /home/nyck33/ros2_ws/build/my_py_pkg/build/lib/my_py_pkg
[0.966s] copying my_py_pkg/__init__.py -> /home/nyck33/ros2_ws/build/my_py_pkg/build/lib/my_py_pkg
[0.966s] running install
[0.967s] /usr/lib/python3/dist-packages/setuptools/command/install.py:34: SetuptoolsDeprecationWarning: setup.py install is deprecated. Use build and pip and other standards-based tools.
[0.967s]   warnings.warn(
[0.968s] running install_lib
[0.969s] creating /home/nyck33/ros2_ws/install/my_py_pkg/lib/python3.10/site-packages/my_py_pkg
[0.969s] copying /home/nyck33/ros2_ws/build/my_py_pkg/build/lib/my_py_pkg/__init__.py -> /home/nyck33/ros2_ws/install/my_py_pkg/lib/python3.10/site-packages/my_py_pkg
[0.970s] byte-compiling /home/nyck33/ros2_ws/install/my_py_pkg/lib/python3.10/site-packages/my_py_pkg/__init__.py to __init__.cpython-310.pyc
[0.970s] running install_data
[0.971s] creating /home/nyck33/ros2_ws/install/my_py_pkg/share/ament_index
[0.971s] creating /home/nyck33/ros2_ws/install/my_py_pkg/share/ament_index/resource_index
[0.971s] creating /home/nyck33/ros2_ws/install/my_py_pkg/share/ament_index/resource_index/packages
[0.971s] copying resource/my_py_pkg -> /home/nyck33/ros2_ws/install/my_py_pkg/share/ament_index/resource_index/packages
[0.971s] copying package.xml -> /home/nyck33/ros2_ws/install/my_py_pkg/share/my_py_pkg
[0.971s] running install_egg_info
[0.973s] Copying ../../build/my_py_pkg/my_py_pkg.egg-info to /home/nyck33/ros2_ws/install/my_py_pkg/lib/python3.10/site-packages/my_py_pkg-0.0.0-py3.10.egg-info
[0.977s] running install_scripts
[0.995s] writing list of installed files to '/home/nyck33/ros2_ws/build/my_py_pkg/install.log'
[1.021s] Invoked command in '/home/nyck33/ros2_ws/src/my_py_pkg' returned '0': PYTHONPATH=/home/nyck33/ros2_ws/build/my_py_pkg/prefix_override:/home/nyck33/ros2_ws/install/my_py_pkg/lib/python3.10/site-packages:${PYTHONPATH} /usr/bin/python3 setup.py egg_info --egg-base ../../build/my_py_pkg build --build-base /home/nyck33/ros2_ws/build/my_py_pkg/build install --record /home/nyck33/ros2_ws/build/my_py_pkg/install.log --single-version-externally-managed
