[0.749s] Invoking command in '/home/nyck33/ros2_ws/build/my_py_pkg': PYTHONPATH=/home/nyck33/ros2_ws/build/my_py_pkg/prefix_override:/home/nyck33/ros2_ws/install/my_py_pkg/lib/python3.10/site-packages:${PYTHONPATH} /usr/bin/python3 setup.py develop --editable --build-directory /home/nyck33/ros2_ws/build/my_py_pkg/build --no-deps install_data
[1.008s] running develop
[1.140s] running egg_info
[1.141s] writing my_py_pkg.egg-info/PKG-INFO
[1.143s] writing dependency_links to my_py_pkg.egg-info/dependency_links.txt
[1.144s] writing entry points to my_py_pkg.egg-info/entry_points.txt
[1.146s] writing requirements to my_py_pkg.egg-info/requires.txt
[1.147s] writing top-level names to my_py_pkg.egg-info/top_level.txt
[1.149s] reading manifest file 'my_py_pkg.egg-info/SOURCES.txt'
[1.150s] writing manifest file 'my_py_pkg.egg-info/SOURCES.txt'
[1.152s] running build_ext
[1.153s] Creating /home/nyck33/ros2_ws/install/my_py_pkg/lib/python3.10/site-packages/my-py-pkg.egg-link (link to .)
[1.154s] Installing py_node script to /home/nyck33/ros2_ws/install/my_py_pkg/lib/my_py_pkg
[1.155s] Installing robot_news_station script to /home/nyck33/ros2_ws/install/my_py_pkg/lib/my_py_pkg
[1.156s] Installing smartphone script to /home/nyck33/ros2_ws/install/my_py_pkg/lib/my_py_pkg
[1.156s] 
[1.157s] Installed /home/nyck33/ros2_ws/build/my_py_pkg
[1.157s] running install_data
[1.157s] copying package.xml -> /home/nyck33/ros2_ws/install/my_py_pkg/share/my_py_pkg
[1.201s] Invoked command in '/home/nyck33/ros2_ws/build/my_py_pkg' returned '0': PYTHONPATH=/home/nyck33/ros2_ws/build/my_py_pkg/prefix_override:/home/nyck33/ros2_ws/install/my_py_pkg/lib/python3.10/site-packages:${PYTHONPATH} /usr/bin/python3 setup.py develop --editable --build-directory /home/nyck33/ros2_ws/build/my_py_pkg/build --no-deps install_data
